<?xml version="1.0" encoding="UTF-8"?>
<testng-results ignored="0" total="1" passed="1" failed="0" skipped="0">
  <reporter-output>
  </reporter-output>
  <suite started-at="2024-10-01T14:17:17 IST" name="Default suite" finished-at="2024-10-01T14:17:57 IST" duration-ms="40078">
    <groups>
    </groups>
    <test started-at="2024-10-01T14:17:17 IST" name="Default test" finished-at="2024-10-01T14:17:57 IST" duration-ms="40078">
      <class name="task.SortSearchResultByValue">
        <test-method is-config="true" signature="setUpDriver()[pri:0, instance:task.SortSearchResultByValue@291ae]" started-at="2024-10-01T14:17:17 IST" name="setUpDriver" finished-at="2024-10-01T14:17:24 IST" duration-ms="6840" status="PASS">
          <reporter-output>
          </reporter-output>
        </test-method> <!-- setUpDriver -->
        <test-method signature="printPriceandName()[pri:0, instance:task.SortSearchResultByValue@291ae]" started-at="2024-10-01T14:17:24 IST" name="printPriceandName" finished-at="2024-10-01T14:17:55 IST" duration-ms="31208" status="PASS">
          <reporter-output>
          </reporter-output>
        </test-method> <!-- printPriceandName -->
        <test-method is-config="true" signature="afterrclass()[pri:0, instance:task.SortSearchResultByValue@291ae]" started-at="2024-10-01T14:17:55 IST" name="afterrclass" finished-at="2024-10-01T14:17:57 IST" duration-ms="1881" status="PASS">
          <reporter-output>
          </reporter-output>
        </test-method> <!-- afterrclass -->
      </class> <!-- task.SortSearchResultByValue -->
    </test> <!-- Default test -->
  </suite> <!-- Default suite -->
</testng-results>
